2025-07-29 15:23:52,671 - __main__ - WARNING - SMS Alert Manager initialization failed: No module named 'twilio'
2025-07-29 15:23:52,687 - __main__ - INFO - Initializing Advanced Technical Analysis for ETHUSDT on 5m timeframe...
2025-07-29 15:23:52,689 - __main__ - INFO - Fibonacci Alert System Enabled - Tolerance: 0.1%
2025-07-29 15:23:58,017 - websocket - INFO - Websocket connected
2025-07-29 17:35:21,724 - __main__ - WARNING - Configuration file not found. Using default settings.
2025-07-29 17:35:21,725 - __main__ - INFO - Initializing Advanced Technical Analysis for ETHUSDT on 5m timeframe...
2025-07-29 17:35:21,727 - __main__ - INFO - Fibonacci Alert System Enabled - Tolerance: 0.1%
2025-07-29 17:35:26,938 - websocket - INFO - Websocket connected
2025-07-29 17:50:00,170 - __main__ - ERROR - Failed to send Telegram message: 400 - {"ok":false,"error_code":400,"description":"Bad Request: chat not found"}
2025-07-29 18:00:00,045 - __main__ - ERROR - Failed to send Telegram message: 400 - {"ok":false,"error_code":400,"description":"Bad Request: chat not found"}
2025-07-29 18:02:02,515 - __main__ - WARNING - Configuration file not found. Using default settings.
2025-07-29 18:02:02,516 - __main__ - INFO - Initializing Advanced Technical Analysis for ETHUSDT on 5m timeframe...
2025-07-29 18:02:02,517 - __main__ - INFO - Fibonacci Alert System Enabled - Tolerance: 0.1%
2025-07-29 18:02:08,941 - websocket - INFO - Websocket connected
2025-07-30 22:58:17,427 - __main__ - INFO - Configuration loaded successfully
2025-07-30 22:58:17,454 - __main__ - INFO - Initializing Advanced Technical Analysis for ETHUSDT on 5m timeframe...
2025-07-30 22:58:17,462 - __main__ - INFO - Fibonacci Alert System Enabled - Tolerance: 0.1%
2025-07-30 22:58:22,614 - websocket - INFO - Websocket connected
2025-07-30 23:21:10,602 - __main__ - INFO - Configuration loaded successfully
2025-07-30 23:21:10,603 - __main__ - INFO - Initializing Advanced Technical Analysis for ETHUSDT on 5m timeframe...
2025-07-30 23:21:10,604 - __main__ - INFO - Fibonacci Alert System Enabled - Tolerance: 0.1%
2025-07-30 23:21:15,840 - websocket - INFO - Websocket connected
2025-07-30 23:21:39,138 - __main__ - INFO - Configuration loaded successfully
2025-07-30 23:21:39,144 - __main__ - INFO - Initializing Advanced Technical Analysis for ETHUSDT on 5m timeframe...
2025-07-30 23:21:39,150 - __main__ - INFO - Fibonacci Alert System Enabled - Tolerance: 0.1%
2025-07-30 23:21:44,080 - websocket - INFO - Websocket connected
2025-07-30 23:28:26,805 - __main__ - INFO - Configuration loaded successfully
2025-07-30 23:28:26,806 - __main__ - INFO - Initializing Advanced Technical Analysis for ETHUSDT on 5m timeframe...
2025-07-30 23:28:26,807 - __main__ - INFO - Fibonacci Alert System Enabled - Tolerance: 0.1%
2025-07-30 23:28:31,899 - websocket - INFO - Websocket connected
2025-07-30 23:29:19,075 - __main__ - INFO - Configuration loaded successfully
2025-07-30 23:29:19,083 - __main__ - INFO - Initializing Advanced Technical Analysis for ETHUSDT on 5m timeframe...
2025-07-30 23:29:19,086 - __main__ - INFO - Fibonacci Alert System Enabled - Tolerance: 0.1%
2025-07-30 23:29:24,122 - websocket - INFO - Websocket connected
2025-07-30 23:58:25,888 - __main__ - INFO - Configuration loaded successfully
2025-07-30 23:58:25,889 - __main__ - INFO - Initializing Advanced Technical Analysis for ETHUSDT on 5m timeframe...
2025-07-30 23:58:25,890 - __main__ - INFO - Fibonacci Alert System Enabled - Tolerance: 0.1%
2025-07-30 23:58:30,704 - websocket - INFO - Websocket connected
2025-07-31 00:04:58,912 - __main__ - INFO - Telegram message sent successfully: Strong Volume Accumulation
2025-07-31 00:35:19,539 - __main__ - INFO - Configuration loaded successfully
2025-07-31 00:35:19,545 - __main__ - INFO - Initializing Advanced Technical Analysis for ETHUSDT on 5m timeframe...
2025-07-31 00:35:19,550 - __main__ - INFO - Fibonacci Alert System Enabled - Tolerance: 0.1%
2025-07-31 00:35:24,419 - websocket - INFO - Websocket connected
2025-07-31 00:39:59,422 - __main__ - INFO - Telegram message sent successfully: Strong Volume Distribution
2025-07-31 00:41:37,798 - __main__ - INFO - Configuration loaded successfully
2025-07-31 00:41:37,802 - __main__ - INFO - Initializing Advanced Technical Analysis for ETHUSDT on 5m timeframe...
2025-07-31 00:41:37,804 - __main__ - INFO - Fibonacci Alert System Enabled - Tolerance: 0.1%
2025-07-31 00:41:43,464 - websocket - INFO - Websocket connected
